<?xml version="1.0" encoding="UTF-8"?>
<testng-results ignored="0" total="1" passed="1" failed="0" skipped="0">
  <reporter-output>
  </reporter-output>
  <suite started-at="2023-05-29T17:19:46 CDT" name="Surefire suite" finished-at="2023-05-29T17:19:46 CDT" duration-ms="42">
    <groups>
    </groups>
    <test started-at="2023-05-29T17:19:46 CDT" name="Surefire test" finished-at="2023-05-29T17:19:46 CDT" duration-ms="42">
      <class name="env.qa.TestCases.NewTest">
        <test-method signature="firstTest()[pri:0, instance:env.qa.TestCases.NewTest@7494f96a]" started-at="2023-05-29T17:19:46 CDT" name="firstTest" finished-at="2023-05-29T17:19:46 CDT" duration-ms="4" status="PASS">
          <reporter-output>
          </reporter-output>
        </test-method> <!-- firstTest -->
      </class> <!-- env.qa.TestCases.NewTest -->
    </test> <!-- Surefire test -->
  </suite> <!-- Surefire suite -->
</testng-results>
