<?xml version="1.0" encoding="UTF-8"?>
<testng-results ignored="0" total="1" passed="1" failed="0" skipped="0">
  <reporter-output>
  </reporter-output>
  <suite started-at="2023-05-29T00:17:43 CDT" name="Suite" finished-at="2023-05-29T00:17:43 CDT" duration-ms="48">
    <groups>
    </groups>
    <test started-at="2023-05-29T00:17:43 CDT" name="Test" finished-at="2023-05-29T00:17:43 CDT" duration-ms="48">
      <class name="env.qa.TestCases.NewTest">
        <test-method signature="firstTest()[pri:0, instance:env.qa.TestCases.NewTest@429bffaa]" started-at="2023-05-29T00:17:43 CDT" name="firstTest" finished-at="2023-05-29T00:17:43 CDT" duration-ms="9" status="PASS">
          <reporter-output>
          </reporter-output>
        </test-method> <!-- firstTest -->
      </class> <!-- env.qa.TestCases.NewTest -->
    </test> <!-- Test -->
  </suite> <!-- Suite -->
</testng-results>
