<?xml version="1.0" encoding="UTF-8"?>
<testng-results ignored="0" total="1" passed="1" failed="0" skipped="0">
  <reporter-output>
  </reporter-output>
  <suite started-at="2023-05-24T21:55:45 CDT" name="Default suite" finished-at="2023-05-24T21:55:45 CDT" duration-ms="49">
    <groups>
    </groups>
    <test started-at="2023-05-24T21:55:45 CDT" name="Default test" finished-at="2023-05-24T21:55:45 CDT" duration-ms="49">
      <class name="env.qa.TestCases.Test1">
        <test-method signature="test()[pri:0, instance:env.qa.TestCases.Test1@6f46426d]" started-at="2023-05-24T21:55:45 CDT" name="test" finished-at="2023-05-24T21:55:45 CDT" duration-ms="8" status="PASS">
          <reporter-output>
          </reporter-output>
        </test-method> <!-- test -->
      </class> <!-- env.qa.TestCases.Test1 -->
    </test> <!-- Default test -->
  </suite> <!-- Default suite -->
</testng-results>
